# JRE version: Java(TM) SE Runtime Environment 18.9 (11.0.12+8) (build 11.0.12+8-LTS-237)
# Java VM: Java HotSpot(TM) 64-Bit Server VM 18.9 (11.0.12+8-LTS-237, mixed mode, tiered, compressed oops, g1 gc, windows-amd64)
Heap:
 garbage-first heap   total 275456K, used 123225K [0x0000000720c00000, 0x0000000800000000)
  region size 1024K, 114 young (116736K), 12 survivors (12288K)
 Metaspace       used 57332K, capacity 59045K, committed 59264K, reserved 1101824K
  class space    used 6810K, capacity 7497K, committed 7552K, reserved 1048576K
GC Heap History (10 events):
Event: 1.811 GC heap before
{Heap before GC invocations=3 (full 0):
 garbage-first heap   total 229376K, used 18304K [0x0000000720c00000, 0x0000000800000000)
  region size 1024K, 15 young (15360K), 3 survivors (3072K)
 Metaspace       used 20749K, capacity 21191K, committed 21248K, reserved 1069056K
  class space    used 2334K, capacity 2537K, committed 2560K, reserved 1048576K
}
Event: 1.815 GC heap after
{Heap after GC invocations=4 (full 0):
 garbage-first heap   total 229376K, used 7631K [0x0000000720c00000, 0x0000000800000000)
  region size 1024K, 3 young (3072K), 3 survivors (3072K)
 Metaspace       used 20749K, capacity 21191K, committed 21248K, reserved 1069056K
  class space    used 2334K, capacity 2537K, committed 2560K, reserved 1048576K
}
Event: 2.381 GC heap before
{Heap before GC invocations=5 (full 0):
 garbage-first heap   total 229376K, used 62927K [0x0000000720c00000, 0x0000000800000000)
  region size 1024K, 58 young (59392K), 3 survivors (3072K)
 Metaspace       used 27972K, capacity 28552K, committed 28800K, reserved 1075200K
  class space    used 3209K, capacity 3451K, committed 3456K, reserved 1048576K
}
Event: 2.387 GC heap after
{Heap after GC invocations=6 (full 0):
 garbage-first heap   total 229376K, used 9790K [0x0000000720c00000, 0x0000000800000000)
  region size 1024K, 5 young (5120K), 5 survivors (5120K)
 Metaspace       used 27972K, capacity 28552K, committed 28800K, reserved 1075200K
  class space    used 3209K, capacity 3451K, committed 3456K, reserved 1048576K
}
Event: 3.749 GC heap before
{Heap before GC invocations=6 (full 0):
 garbage-first heap   total 229376K, used 62014K [0x0000000720c00000, 0x0000000800000000)
  region size 1024K, 57 young (58368K), 5 survivors (5120K)
 Metaspace       used 34951K, capacity 35785K, committed 35840K, reserved 1081344K
  class space    used 4098K, capacity 4425K, committed 4480K, reserved 1048576K
}
Event: 3.756 GC heap after
{Heap after GC invocations=7 (full 0):
 garbage-first heap   total 229376K, used 12252K [0x0000000720c00000, 0x0000000800000000)
  region size 1024K, 8 young (8192K), 8 survivors (8192K)
 Metaspace       used 34951K, capacity 35785K, committed 35840K, reserved 1081344K
  class space    used 4098K, capacity 4425K, committed 4480K, reserved 1048576K
}
Event: 7.432 GC heap before
{Heap before GC invocations=8 (full 0):
 garbage-first heap   total 229376K, used 111580K [0x0000000720c00000, 0x0000000800000000)
  region size 1024K, 105 young (107520K), 8 survivors (8192K)
 Metaspace       used 49741K, capacity 51197K, committed 51456K, reserved 1093632K
  class space    used 6038K, capacity 6630K, committed 6656K, reserved 1048576K
}
Event: 7.446 GC heap after
{Heap after GC invocations=9 (full 0):
 garbage-first heap   total 275456K, used 18499K [0x0000000720c00000, 0x0000000800000000)
  region size 1024K, 14 young (14336K), 14 survivors (14336K)
 Metaspace       used 49741K, capacity 51197K, committed 51456K, reserved 1093632K
  class space    used 6038K, capacity 6630K, committed 6656K, reserved 1048576K
}
Event: 77.399 GC heap before
{Heap before GC invocations=9 (full 0):
 garbage-first heap   total 275456K, used 169027K [0x0000000720c00000, 0x0000000800000000)
  region size 1024K, 161 young (164864K), 14 survivors (14336K)
 Metaspace       used 56049K, capacity 57757K, committed 57984K, reserved 1099776K
  class space    used 6784K, capacity 7459K, committed 7552K, reserved 1048576K
}
Event: 77.418 GC heap after
{Heap after GC invocations=10 (full 0):
 garbage-first heap   total 275456K, used 20825K [0x0000000720c00000, 0x0000000800000000)
  region size 1024K, 12 young (12288K), 12 survivors (12288K)
 Metaspace       used 56049K, capacity 57757K, committed 57984K, reserved 1099776K
  class space    used 6784K, capacity 7459K, committed 7552K, reserved 1048576K
}

